<?xml version="1.0" encoding="UTF-8"?>
<!-- Generated by org.testng.reporters.JUnitReportReporter -->
<testsuite skipped="0" hostname="LAPTOP-FF4L5OJ9" name="wrapper.MergeLeads" tests="1" failures="0" timestamp="2020-10-13T21:20:53 PDT" time="22.423" errors="0">
  <testcase name="createLead" time="22.423" classname="wrapper.MergeLeads"/>
</testsuite> <!-- wrapper.MergeLeads -->
