<?xml version="1.0" encoding="UTF-8"?>
<!-- Generated by org.testng.reporters.JUnitReportReporter -->
<testsuite skipped="0" hostname="LAPTOP-FF4L5OJ9" name="parameteriZation.createLeads" tests="2" failures="0" timestamp="2020-10-27T15:40:54 PDT" time="48.704" errors="0">
  <testcase name="createLead" time="24.944" classname="parameteriZation.createLeads"/>
  <testcase name="createLead" time="23.760" classname="parameteriZation.createLeads"/>
</testsuite> <!-- parameteriZation.createLeads -->
