<?xml version="1.0" encoding="UTF-8"?>
<!-- Generated by org.testng.reporters.JUnitReportReporter -->
<testsuite skipped="0" hostname="LAPTOP-FF4L5OJ9" name="wrapper.CreatLead" tests="1" failures="0" timestamp="2020-10-17T19:42:15 PDT" time="22.263" errors="0">
  <testcase name="createLead" time="22.263" classname="wrapper.CreatLead"/>
</testsuite> <!-- wrapper.CreatLead -->
