<?xml version="1.0" encoding="UTF-8"?>
<!-- Generated by org.testng.reporters.JUnitReportReporter -->
<testsuite skipped="0" hostname="LAPTOP-FF4L5OJ9" name="dataExcelInteTestCase.createLeads" tests="3" failures="0" timestamp="2020-10-27T18:51:16 PDT" time="76.692" errors="0">
  <testcase name="createLead" time="23.674" classname="dataExcelInteTestCase.createLeads"/>
  <testcase name="createLead" time="29.048" classname="dataExcelInteTestCase.createLeads"/>
  <testcase name="createLead" time="23.970" classname="dataExcelInteTestCase.createLeads"/>
</testsuite> <!-- dataExcelInteTestCase.createLeads -->
