<?xml version="1.0" encoding="UTF-8"?>
<!-- Generated by org.testng.reporters.JUnitReportReporter -->
<testsuite skipped="0" hostname="LAPTOP-FF4L5OJ9" name="seleniumDemo.CreatLead" tests="1" failures="0" timestamp="2020-10-06T22:25:18 PDT" time="25.533" errors="0">
  <testcase name="createLead" time="25.533" classname="seleniumDemo.CreatLead"/>
</testsuite> <!-- seleniumDemo.CreatLead -->
