<?xml version="1.0" encoding="UTF-8"?>
<!-- Generated by org.testng.reporters.JUnitReportReporter -->
<testsuite skipped="0" hostname="LAPTOP-FF4L5OJ9" name="seleniumDemo.EditLead" tests="1" failures="0" timestamp="2020-10-07T21:45:33 PDT" time="22.315" errors="0">
  <testcase name="editLead" time="22.315" classname="seleniumDemo.EditLead"/>
</testsuite> <!-- seleniumDemo.EditLead -->
