<?xml version="1.0" encoding="UTF-8"?>
<!-- Generated by org.testng.reporters.JUnitReportReporter -->
<testsuite skipped="0" hostname="LAPTOP-FF4L5OJ9" name="wrapper.EditLead" tests="1" failures="0" timestamp="2020-10-07T21:39:23 PDT" time="23.148" errors="0">
  <testcase name="editLead" time="23.148" classname="wrapper.EditLead"/>
</testsuite> <!-- wrapper.EditLead -->
