<?xml version="1.0" encoding="UTF-8"?>
<!-- Generated by org.testng.reporters.JUnitReportReporter -->
<testsuite skipped="0" hostname="LAPTOP-FF4L5OJ9" name="seleniumDemo.BrowserTest" tests="1" failures="0" timestamp="2020-11-22T20:00:37 MST" time="9.012" errors="0">
  <testcase name="browserTest" time="9.012" classname="seleniumDemo.BrowserTest"/>
</testsuite> <!-- seleniumDemo.BrowserTest -->
