<?xml version="1.0" encoding="UTF-8"?>
<!-- Generated by org.testng.reporters.JUnitReportReporter -->
<testsuite skipped="0" hostname="LAPTOP-FF4L5OJ9" name="learnInterface2.TC001_Login" tests="1" failures="0" timestamp="2020-11-10T19:36:27 MST" time="32.051" errors="0">
  <testcase name="login" time="32.051" classname="learnInterface2.TC001_Login"/>
</testsuite> <!-- learnInterface2.TC001_Login -->
